<?xml version="1.0" encoding="UTF-8"?>
<!-- Generated by org.testng.reporters.JUnitReportReporter -->
<testsuite skipped="0" hostname="testing78" name="TestMaven.TestAPI" tests="2" failures="0" timestamp="25 Jan 2018 12:15:58 GMT" time="3.796" errors="0">
  <testcase name="responseBody" time="3.432" classname="TestMaven.TestAPI"/>
  <testcase name="responseCode" time="0.364" classname="TestMaven.TestAPI"/>
</testsuite> <!-- TestMaven.TestAPI -->
